  Source.cpp
c:\users\подина\source\repos\коммивояжёр\коммивояжёр\print.h(35): warning C4244: =: преобразование "float" в "int", возможна потеря данных
c:\users\подина\source\repos\коммивояжёр\коммивояжёр\print.h(36): warning C4244: =: преобразование "float" в "int", возможна потеря данных
c:\users\подина\source\repos\коммивояжёр\коммивояжёр\print.h(71): warning C4244: =: преобразование "double" в "float", возможна потеря данных
c:\users\подина\source\repos\коммивояжёр\коммивояжёр\print.h(72): warning C4244: =: преобразование "double" в "float", возможна потеря данных
c:\users\подина\source\repos\коммивояжёр\коммивояжёр\print.h(84): warning C4018: <: несоответствие типов со знаком и без знака
c:\users\подина\source\repos\коммивояжёр\коммивояжёр\print.h(106): warning C4244: инициализация: преобразование "int" в "float", возможна потеря данных
c:\users\подина\source\repos\коммивояжёр\коммивояжёр\print.h(107): warning C4244: инициализация: преобразование "int" в "float", возможна потеря данных
c:\users\подина\source\repos\коммивояжёр\коммивояжёр\print.h(111): warning C4244: =: преобразование "float" в "int", возможна потеря данных
c:\users\подина\source\repos\коммивояжёр\коммивояжёр\print.h(112): warning C4244: =: преобразование "float" в "int", возможна потеря данных
c:\users\подина\source\repos\коммивояжёр\коммивояжёр\print.h(116): warning C4244: аргумент: преобразование "int" в "GLfloat", возможна потеря данных
c:\users\подина\source\repos\коммивояжёр\коммивояжёр\graph.h(48): warning C4018: <: несоответствие типов со знаком и без знака
  c:\users\подина\source\repos\коммивояжёр\коммивояжёр\graph.h(47): note: при компиляции функции-члена "<Нет данных>" класса класс <Нет данных>
  c:\users\подина\source\repos\коммивояжёр\коммивояжёр\graph.h(130): note: выполняется компиляция ссылки на экземпляр шаблон функции "int Graph<int>::GetVertPos(const T &)"
          with
          [
              T=int
          ]
  c:\users\подина\source\repos\коммивояжёр\коммивояжёр\graph.h(31): note: при компиляции функции-члена "<Нет данных>" класса класс <Нет данных>
  c:\users\подина\source\repos\коммивояжёр\коммивояжёр\source.cpp(11): note: выполняется компиляция ссылки на экземпляр шаблон функции "Graph<int>::Graph(void)"
  c:\users\подина\source\repos\коммивояжёр\коммивояжёр\source.cpp(11): note: выполняется компиляция ссылки на экземпляр шаблон класс "Graph<int>"
  Project1.vcxproj -> C:\Users\Подина\source\repos\Коммивояжёр\Коммивояжёр\Debug\Project1.exe
